2025-02-18 16:29:19,563 - INFO - app.py - <module> - 10 - Ứng dụng Flask app.py bắt đầu khởi tạo...
2025-02-18 16:29:19,564 - INFO - app.py - <module> - 14 - Kết nối đến database...
2025-02-18 16:29:20,055 - INFO - app.py - <module> - 17 - Kết nối database thành công.
2025-02-18 16:29:20,055 - INFO - app.py - <module> - 23 - Khởi tạo PortfolioService...
2025-02-18 16:29:20,055 - INFO - app.py - <module> - 26 - PortfolioService khởi tạo thành công.
2025-02-18 16:29:20,055 - INFO - app.py - <module> - 32 - Ứng dụng Flask app.py đã khởi tạo xong.
2025-02-18 16:29:20,057 - INFO - app.py - <module> - 111 - Chuẩn bị gọi app.run() ...
2025-02-18 16:29:20,064 - WARNING - _internal.py - _log - 97 -  * Debugger is active!
2025-02-18 16:29:20,067 - INFO - _internal.py - _log - 97 -  * Debugger PIN: 439-195-262
2025-02-18 16:30:31,683 - INFO - app.py - <module> - 113 - app.run() đã hoàn thành (nếu có)...
2025-02-18 16:30:38,677 - INFO - app.py - <module> - 10 - Ứng dụng Flask app.py bắt đầu khởi tạo...
2025-02-18 16:30:38,678 - INFO - app.py - <module> - 14 - Kết nối đến database...
2025-02-18 16:30:39,181 - INFO - app.py - <module> - 17 - Kết nối database thành công.
2025-02-18 16:30:39,181 - INFO - app.py - <module> - 23 - Khởi tạo PortfolioService...
2025-02-18 16:30:39,181 - INFO - app.py - <module> - 26 - PortfolioService khởi tạo thành công.
2025-02-18 16:30:39,181 - INFO - app.py - <module> - 32 - Ứng dụng Flask app.py đã khởi tạo xong.
2025-02-18 16:30:39,182 - INFO - app.py - <module> - 111 - Chuẩn bị gọi app.run() ...
2025-02-18 16:30:39,191 - INFO - _internal.py - _log - 97 - [31m[1mWARNING: This is a development server. Do not use it in a production deployment. Use a production WSGI server instead.[0m
 * Running on all addresses (0.0.0.0)
 * Running on http://127.0.0.1:5000
 * Running on http://10.6.96.55:5000
2025-02-18 16:30:39,191 - INFO - _internal.py - _log - 97 - [33mPress CTRL+C to quit[0m
2025-02-18 16:30:39,192 - INFO - _internal.py - _log - 97 -  * Restarting with stat
2025-02-18 16:30:39,424 - INFO - app.py - <module> - 10 - Ứng dụng Flask app.py bắt đầu khởi tạo...
2025-02-18 16:30:39,425 - INFO - app.py - <module> - 14 - Kết nối đến database...
2025-02-18 16:30:39,902 - INFO - app.py - <module> - 17 - Kết nối database thành công.
2025-02-18 16:30:39,902 - INFO - app.py - <module> - 23 - Khởi tạo PortfolioService...
2025-02-18 16:30:39,902 - INFO - app.py - <module> - 26 - PortfolioService khởi tạo thành công.
2025-02-18 16:30:39,902 - INFO - app.py - <module> - 32 - Ứng dụng Flask app.py đã khởi tạo xong.
2025-02-18 16:30:39,904 - INFO - app.py - <module> - 111 - Chuẩn bị gọi app.run() ...
2025-02-18 16:30:39,912 - WARNING - _internal.py - _log - 97 -  * Debugger is active!
2025-02-18 16:30:39,915 - INFO - _internal.py - _log - 97 -  * Debugger PIN: 439-195-262
2025-02-18 16:30:57,437 - INFO - app.py - home - 36 - Route "/" (home) được gọi.
2025-02-18 16:31:01,816 - DEBUG - app.py - home - 42 - Dữ liệu users_performance và portfolio_data đã được lấy thành công.
2025-02-18 16:31:01,821 - INFO - app.py - home - 48 - Route "/" (home) đã hoàn thành xử lý.
2025-02-18 16:31:01,822 - INFO - _internal.py - _log - 97 - 127.0.0.1 - - [18/Feb/2025 16:31:01] "GET / HTTP/1.1" 200 -
2025-02-18 16:31:01,844 - INFO - _internal.py - _log - 97 - 127.0.0.1 - - [18/Feb/2025 16:31:01] "[36mGET /static/css/home.css HTTP/1.1[0m" 304 -
2025-02-18 16:31:02,730 - INFO - app.py - portfolio - 52 - Route "/user/1" (portfolio) được gọi cho user_id: 1.
2025-02-18 16:31:03,970 - DEBUG - app.py - portfolio - 89 - Dữ liệu cho user_id 1 đã được lấy thành công.
2025-02-18 16:31:03,985 - INFO - app.py - portfolio - 108 - Route "/user/1" (portfolio) đã hoàn thành xử lý cho user_id: 1.
2025-02-18 16:31:03,989 - INFO - _internal.py - _log - 97 - 127.0.0.1 - - [18/Feb/2025 16:31:03] "GET /user/1 HTTP/1.1" 200 -
2025-02-18 16:31:04,025 - INFO - _internal.py - _log - 97 - 127.0.0.1 - - [18/Feb/2025 16:31:04] "[36mGET /static/js/user_profile.js HTTP/1.1[0m" 304 -
2025-02-18 16:31:04,026 - INFO - _internal.py - _log - 97 - 127.0.0.1 - - [18/Feb/2025 16:31:04] "[36mGET /static/css/user_profile.css HTTP/1.1[0m" 304 -
2025-02-18 16:35:31,517 - INFO - _internal.py - _log - 97 -  * Detected change in '/home/hoang/python/portfolio_web_app/Service.py', reloading
2025-02-18 16:35:31,569 - INFO - _internal.py - _log - 97 -  * Restarting with stat
2025-02-18 16:35:31,719 - INFO - app.py - <module> - 10 - Ứng dụng Flask app.py bắt đầu khởi tạo...
2025-02-18 16:35:31,720 - INFO - app.py - <module> - 14 - Kết nối đến database...
2025-02-18 16:35:32,293 - INFO - app.py - <module> - 17 - Kết nối database thành công.
2025-02-18 16:35:32,293 - INFO - app.py - <module> - 23 - Khởi tạo PortfolioService...
2025-02-18 16:35:32,293 - INFO - app.py - <module> - 26 - PortfolioService khởi tạo thành công.
2025-02-18 16:35:32,293 - INFO - app.py - <module> - 32 - Ứng dụng Flask app.py đã khởi tạo xong.
2025-02-18 16:35:32,295 - INFO - app.py - <module> - 111 - Chuẩn bị gọi app.run() ...
2025-02-18 16:35:32,303 - WARNING - _internal.py - _log - 97 -  * Debugger is active!
2025-02-18 16:35:32,306 - INFO - _internal.py - _log - 97 -  * Debugger PIN: 439-195-262
2025-02-18 16:35:56,623 - INFO - app.py - <module> - 113 - app.run() đã hoàn thành (nếu có)...
2025-02-18 16:35:56,687 - INFO - app.py - <module> - 113 - app.run() đã hoàn thành (nếu có)...
